This is pdfTeX, Version 3.141592653-2.6-1.40.22 (TeX Live 2021) (preloaded format=pdflatex 2021.5.20)  28 MAY 2021 16:39
entering extended mode
 restricted \write18 enabled.
 %&-line parsing enabled.
**Thesis.tex
(./Thesis.tex
LaTeX2e <2020-10-01> patch level 4
L3 programming layer <2021-05-11> (/Users/williamsuser/Library/TinyTeX/texmf-di
st/tex/latex/base/article.cls
Document Class: article 2020/04/10 v1.4m Standard LaTeX document class
(/Users/williamsuser/Library/TinyTeX/texmf-dist/tex/latex/base/size12.clo
File: size12.clo 2020/04/10 v1.4m Standard LaTeX file (size option)
)
\c@part=\count179
\c@section=\count180
\c@subsection=\count181
\c@subsubsection=\count182
\c@paragraph=\count183
\c@subparagraph=\count184
\c@figure=\count185
\c@table=\count186
\abovecaptionskip=\skip47
\belowcaptionskip=\skip48
\bibindent=\dimen138
) (/Users/williamsuser/Library/TinyTeX/texmf-dist/tex/latex/amsmath/amsmath.sty
Package: amsmath 2020/09/23 v2.17i AMS math features
\@mathmargin=\skip49
For additional information on amsmath, use the `?' option.
(/Users/williamsuser/Library/TinyTeX/texmf-dist/tex/latex/amsmath/amstext.sty
Package: amstext 2000/06/29 v2.01 AMS text
(/Users/williamsuser/Library/TinyTeX/texmf-dist/tex/latex/amsmath/amsgen.sty
File: amsgen.sty 1999/11/30 v2.0 generic functions
\@emptytoks=\toks15
\ex@=\dimen139
)) (/Users/williamsuser/Library/TinyTeX/texmf-dist/tex/latex/amsmath/amsbsy.sty
Package: amsbsy 1999/11/29 v1.2d Bold Symbols
\pmbraise@=\dimen140
) (/Users/williamsuser/Library/TinyTeX/texmf-dist/tex/latex/amsmath/amsopn.sty
Package: amsopn 2016/03/08 v2.02 operator names
)
\inf@bad=\count187
LaTeX Info: Redefining \frac on input line 234.
\uproot@=\count188
\leftroot@=\count189
LaTeX Info: Redefining \overline on input line 399.
\classnum@=\count190
\DOTSCASE@=\count191
LaTeX Info: Redefining \ldots on input line 496.
LaTeX Info: Redefining \dots on input line 499.
LaTeX Info: Redefining \cdots on input line 620.
\Mathstrutbox@=\box47
\strutbox@=\box48
\big@size=\dimen141
LaTeX Font Info:    Redeclaring font encoding OML on input line 743.
LaTeX Font Info:    Redeclaring font encoding OMS on input line 744.
\macc@depth=\count192
\c@MaxMatrixCols=\count193
\dotsspace@=\muskip16
\c@parentequation=\count194
\dspbrk@lvl=\count195
\tag@help=\toks16
\row@=\count196
\column@=\count197
\maxfields@=\count198
\andhelp@=\toks17
\eqnshift@=\dimen142
\alignsep@=\dimen143
\tagshift@=\dimen144
\tagwidth@=\dimen145
\totwidth@=\dimen146
\lineht@=\dimen147
\@envbody=\toks18
\multlinegap=\skip50
\multlinetaggap=\skip51
\mathdisplay@stack=\toks19
LaTeX Info: Redefining \[ on input line 2923.
LaTeX Info: Redefining \] on input line 2924.
) (/Users/williamsuser/Library/TinyTeX/texmf-dist/tex/latex/amsfonts/amssymb.st
y
Package: amssymb 2013/01/14 v3.01 AMS font symbols

(/Users/williamsuser/Library/TinyTeX/texmf-dist/tex/latex/amsfonts/amsfonts.sty
Package: amsfonts 2013/01/14 v3.01 Basic AMSFonts support
\symAMSa=\mathgroup4
\symAMSb=\mathgroup5
LaTeX Font Info:    Redeclaring math symbol \hbar on input line 98.
LaTeX Font Info:    Overwriting math alphabet `\mathfrak' in version `bold'
(Font)                  U/euf/m/n --> U/euf/b/n on input line 106.
)) (/Users/williamsuser/Library/TinyTeX/texmf-dist/tex/latex/lm/lmodern.sty
Package: lmodern 2015/05/01 v1.6.1 Latin Modern Fonts
LaTeX Font Info:    Overwriting symbol font `operators' in version `normal'
(Font)                  OT1/cmr/m/n --> OT1/lmr/m/n on input line 22.
LaTeX Font Info:    Overwriting symbol font `letters' in version `normal'
(Font)                  OML/cmm/m/it --> OML/lmm/m/it on input line 23.
LaTeX Font Info:    Overwriting symbol font `symbols' in version `normal'
(Font)                  OMS/cmsy/m/n --> OMS/lmsy/m/n on input line 24.
LaTeX Font Info:    Overwriting symbol font `largesymbols' in version `normal'
(Font)                  OMX/cmex/m/n --> OMX/lmex/m/n on input line 25.
LaTeX Font Info:    Overwriting symbol font `operators' in version `bold'
(Font)                  OT1/cmr/bx/n --> OT1/lmr/bx/n on input line 26.
LaTeX Font Info:    Overwriting symbol font `letters' in version `bold'
(Font)                  OML/cmm/b/it --> OML/lmm/b/it on input line 27.
LaTeX Font Info:    Overwriting symbol font `symbols' in version `bold'
(Font)                  OMS/cmsy/b/n --> OMS/lmsy/b/n on input line 28.
LaTeX Font Info:    Overwriting symbol font `largesymbols' in version `bold'
(Font)                  OMX/cmex/m/n --> OMX/lmex/m/n on input line 29.
LaTeX Font Info:    Overwriting math alphabet `\mathbf' in version `normal'
(Font)                  OT1/cmr/bx/n --> OT1/lmr/bx/n on input line 31.
LaTeX Font Info:    Overwriting math alphabet `\mathsf' in version `normal'
(Font)                  OT1/cmss/m/n --> OT1/lmss/m/n on input line 32.
LaTeX Font Info:    Overwriting math alphabet `\mathit' in version `normal'
(Font)                  OT1/cmr/m/it --> OT1/lmr/m/it on input line 33.
LaTeX Font Info:    Overwriting math alphabet `\mathtt' in version `normal'
(Font)                  OT1/cmtt/m/n --> OT1/lmtt/m/n on input line 34.
LaTeX Font Info:    Overwriting math alphabet `\mathbf' in version `bold'
(Font)                  OT1/cmr/bx/n --> OT1/lmr/bx/n on input line 35.
LaTeX Font Info:    Overwriting math alphabet `\mathsf' in version `bold'
(Font)                  OT1/cmss/bx/n --> OT1/lmss/bx/n on input line 36.
LaTeX Font Info:    Overwriting math alphabet `\mathit' in version `bold'
(Font)                  OT1/cmr/bx/it --> OT1/lmr/bx/it on input line 37.
LaTeX Font Info:    Overwriting math alphabet `\mathtt' in version `bold'
(Font)                  OT1/cmtt/m/n --> OT1/lmtt/m/n on input line 38.
) (/Users/williamsuser/Library/TinyTeX/texmf-dist/tex/generic/iftex/ifxetex.sty
Package: ifxetex 2019/10/25 v0.7 ifxetex legacy package. Use iftex instead.
(/Users/williamsuser/Library/TinyTeX/texmf-dist/tex/generic/iftex/iftex.sty
Package: iftex 2020/03/06 v1.0d TeX engine tests
)) (/Users/williamsuser/Library/TinyTeX/texmf-dist/tex/generic/iftex/ifluatex.s
ty
Package: ifluatex 2019/10/25 v1.5 ifluatex legacy package. Use iftex instead.
) (/Users/williamsuser/Library/TinyTeX/texmf-dist/tex/latex/base/fontenc.sty
Package: fontenc 2020/08/10 v2.0s Standard LaTeX package
LaTeX Font Info:    Trying to load font information for T1+lmr on input line 11
2.
(/Users/williamsuser/Library/TinyTeX/texmf-dist/tex/latex/lm/t1lmr.fd
File: t1lmr.fd 2015/05/01 v1.6.1 Font defs for Latin Modern
)) (/Users/williamsuser/Library/TinyTeX/texmf-dist/tex/latex/base/inputenc.sty
Package: inputenc 2020/08/01 v1.3d Input encoding file
\inpenc@prehook=\toks20
\inpenc@posthook=\toks21
) (/Users/williamsuser/Library/TinyTeX/texmf-dist/tex/latex/base/textcomp.sty
Package: textcomp 2020/02/02 v2.0n Standard LaTeX package
) (/Users/williamsuser/Library/TinyTeX/texmf-dist/tex/latex/xcolor/xcolor.sty
Package: xcolor 2016/05/11 v2.12 LaTeX color extensions (UK)

(/Users/williamsuser/Library/TinyTeX/texmf-dist/tex/latex/graphics-cfg/color.cf
g
File: color.cfg 2016/01/02 v1.6 sample color configuration
)
Package xcolor Info: Driver file: pdftex.def on input line 225.

(/Users/williamsuser/Library/TinyTeX/texmf-dist/tex/latex/graphics-def/pdftex.d
ef
File: pdftex.def 2020/10/05 v1.2a Graphics/color driver for pdftex
)
Package xcolor Info: Model `cmy' substituted by `cmy0' on input line 1348.
Package xcolor Info: Model `hsb' substituted by `rgb' on input line 1352.
Package xcolor Info: Model `RGB' extended on input line 1364.
Package xcolor Info: Model `HTML' substituted by `rgb' on input line 1366.
Package xcolor Info: Model `Hsb' substituted by `hsb' on input line 1367.
Package xcolor Info: Model `tHsb' substituted by `hsb' on input line 1368.
Package xcolor Info: Model `HSB' substituted by `hsb' on input line 1369.
Package xcolor Info: Model `Gray' substituted by `gray' on input line 1370.
Package xcolor Info: Model `wave' substituted by `hsb' on input line 1371.
)
(/Users/williamsuser/Library/TinyTeX/texmf-dist/tex/latex/hyperref/hyperref.sty
Package: hyperref 2021-02-27 v7.00k Hypertext links for LaTeX

(/Users/williamsuser/Library/TinyTeX/texmf-dist/tex/generic/ltxcmds/ltxcmds.sty
Package: ltxcmds 2020-05-10 v1.25 LaTeX kernel commands for general use (HO)
)
(/Users/williamsuser/Library/TinyTeX/texmf-dist/tex/generic/pdftexcmds/pdftexcm
ds.sty
Package: pdftexcmds 2020-06-27 v0.33 Utility functions of pdfTeX for LuaTeX (HO
)

(/Users/williamsuser/Library/TinyTeX/texmf-dist/tex/generic/infwarerr/infwarerr
.sty
Package: infwarerr 2019/12/03 v1.5 Providing info/warning/error messages (HO)
)
Package pdftexcmds Info: \pdf@primitive is available.
Package pdftexcmds Info: \pdf@ifprimitive is available.
Package pdftexcmds Info: \pdfdraftmode found.
) (/Users/williamsuser/Library/TinyTeX/texmf-dist/tex/latex/graphics/keyval.sty
Package: keyval 2014/10/28 v1.15 key=value parser (DPC)
\KV@toks@=\toks22
)
(/Users/williamsuser/Library/TinyTeX/texmf-dist/tex/generic/kvsetkeys/kvsetkeys
.sty
Package: kvsetkeys 2019/12/15 v1.18 Key value parser (HO)
)
(/Users/williamsuser/Library/TinyTeX/texmf-dist/tex/generic/kvdefinekeys/kvdefi
nekeys.sty
Package: kvdefinekeys 2019-12-19 v1.6 Define keys (HO)
)
(/Users/williamsuser/Library/TinyTeX/texmf-dist/tex/generic/pdfescape/pdfescape
.sty
Package: pdfescape 2019/12/09 v1.15 Implements pdfTeX's escape features (HO)
) (/Users/williamsuser/Library/TinyTeX/texmf-dist/tex/latex/hycolor/hycolor.sty
Package: hycolor 2020-01-27 v1.10 Color options for hyperref/bookmark (HO)
)
(/Users/williamsuser/Library/TinyTeX/texmf-dist/tex/latex/letltxmacro/letltxmac
ro.sty
Package: letltxmacro 2019/12/03 v1.6 Let assignment for LaTeX macros (HO)
) (/Users/williamsuser/Library/TinyTeX/texmf-dist/tex/latex/auxhook/auxhook.sty
Package: auxhook 2019-12-17 v1.6 Hooks for auxiliary files (HO)
)
(/Users/williamsuser/Library/TinyTeX/texmf-dist/tex/latex/kvoptions/kvoptions.s
ty
Package: kvoptions 2020-10-07 v3.14 Key value format for package options (HO)
)
\@linkdim=\dimen148
\Hy@linkcounter=\count199
\Hy@pagecounter=\count266
(/Users/williamsuser/Library/TinyTeX/texmf-dist/tex/latex/hyperref/pd1enc.def
File: pd1enc.def 2021-02-27 v7.00k Hyperref: PDFDocEncoding definition (HO)
Now handling font encoding PD1 ...
... no UTF-8 mapping file for font encoding PD1
)
(/Users/williamsuser/Library/TinyTeX/texmf-dist/tex/latex/hyperref/hyperref-lan
gpatches.def
File: hyperref-langpatches.def 2021-02-27 v7.00k Hyperref: patches for babel la
nguages
)
(/Users/williamsuser/Library/TinyTeX/texmf-dist/tex/generic/intcalc/intcalc.sty
Package: intcalc 2019/12/15 v1.3 Expandable calculations with integers (HO)
)
(/Users/williamsuser/Library/TinyTeX/texmf-dist/tex/generic/etexcmds/etexcmds.s
ty
Package: etexcmds 2019/12/15 v1.7 Avoid name clashes with e-TeX commands (HO)
)
\Hy@SavedSpaceFactor=\count267
(/Users/williamsuser/Library/TinyTeX/texmf-dist/tex/latex/hyperref/puenc.def
File: puenc.def 2021-02-27 v7.00k Hyperref: PDF Unicode definition (HO)
Now handling font encoding PU ...
... no UTF-8 mapping file for font encoding PU
)
Package hyperref Info: Option `unicode' set `true' on input line 4073.
Package hyperref Info: Hyper figures OFF on input line 4192.
Package hyperref Info: Link nesting OFF on input line 4197.
Package hyperref Info: Hyper index ON on input line 4200.
Package hyperref Info: Plain pages OFF on input line 4207.
Package hyperref Info: Backreferencing OFF on input line 4212.
Package hyperref Info: Implicit mode ON; LaTeX internals redefined.
Package hyperref Info: Bookmarks ON on input line 4445.
\c@Hy@tempcnt=\count268
(/Users/williamsuser/Library/TinyTeX/texmf-dist/tex/latex/url/url.sty
\Urlmuskip=\muskip17
Package: url 2013/09/16  ver 3.4  Verb mode for urls, etc.
)
LaTeX Info: Redefining \url on input line 4804.
\XeTeXLinkMargin=\dimen149
(/Users/williamsuser/Library/TinyTeX/texmf-dist/tex/generic/bitset/bitset.sty
Package: bitset 2019/12/09 v1.3 Handle bit-vector datatype (HO)

(/Users/williamsuser/Library/TinyTeX/texmf-dist/tex/generic/bigintcalc/bigintca
lc.sty
Package: bigintcalc 2019/12/15 v1.5 Expandable calculations on big integers (HO
)
))
\Fld@menulength=\count269
\Field@Width=\dimen150
\Fld@charsize=\dimen151
Package hyperref Info: Hyper figures OFF on input line 6075.
Package hyperref Info: Link nesting OFF on input line 6080.
Package hyperref Info: Hyper index ON on input line 6083.
Package hyperref Info: backreferencing OFF on input line 6090.
Package hyperref Info: Link coloring OFF on input line 6095.
Package hyperref Info: Link coloring with OCG OFF on input line 6100.
Package hyperref Info: PDF/A mode OFF on input line 6105.
LaTeX Info: Redefining \ref on input line 6145.
LaTeX Info: Redefining \pageref on input line 6149.

(/Users/williamsuser/Library/TinyTeX/texmf-dist/tex/latex/base/atbegshi-ltx.sty
Package: atbegshi-ltx 2020/08/17 v1.0a Emulation of the original atbegshi packa
ge
with kernel methods
)
\Hy@abspage=\count270
\c@Item=\count271
\c@Hfootnote=\count272
)
Package hyperref Info: Driver (autodetected): hpdftex.
(/Users/williamsuser/Library/TinyTeX/texmf-dist/tex/latex/hyperref/hpdftex.def
File: hpdftex.def 2021-02-27 v7.00k Hyperref driver for pdfTeX

(/Users/williamsuser/Library/TinyTeX/texmf-dist/tex/latex/base/atveryend-ltx.st
y
Package: atveryend-ltx 2020/08/19 v1.0a Emulation of the original atvery packag
e
with kernel methods
)
\Fld@listcount=\count273
\c@bookmark@seq@number=\count274

(/Users/williamsuser/Library/TinyTeX/texmf-dist/tex/latex/rerunfilecheck/rerunf
ilecheck.sty
Package: rerunfilecheck 2019/12/05 v1.9 Rerun checks for auxiliary files (HO)

(/Users/williamsuser/Library/TinyTeX/texmf-dist/tex/generic/uniquecounter/uniqu
ecounter.sty
Package: uniquecounter 2019/12/15 v1.4 Provide unlimited unique counter (HO)
)
Package uniquecounter Info: New unique counter `rerunfilecheck' on input line 2
86.
)
\Hy@SectionHShift=\skip52
)
(/Users/williamsuser/Library/TinyTeX/texmf-dist/tex/latex/geometry/geometry.sty
Package: geometry 2020/01/02 v5.9 Page Geometry
(/Users/williamsuser/Library/TinyTeX/texmf-dist/tex/generic/iftex/ifvtex.sty
Package: ifvtex 2019/10/25 v1.7 ifvtex legacy package. Use iftex instead.
)
\Gm@cnth=\count275
\Gm@cntv=\count276
\c@Gm@tempcnt=\count277
\Gm@bindingoffset=\dimen152
\Gm@wd@mp=\dimen153
\Gm@odd@mp=\dimen154
\Gm@even@mp=\dimen155
\Gm@layoutwidth=\dimen156
\Gm@layoutheight=\dimen157
\Gm@layouthoffset=\dimen158
\Gm@layoutvoffset=\dimen159
\Gm@dimlist=\toks23
)
(/Users/williamsuser/Library/TinyTeX/texmf-dist/tex/latex/graphics/graphicx.sty
Package: graphicx 2020/09/09 v1.2b Enhanced LaTeX Graphics (DPC,SPQR)

(/Users/williamsuser/Library/TinyTeX/texmf-dist/tex/latex/graphics/graphics.sty
Package: graphics 2020/08/30 v1.4c Standard LaTeX Graphics (DPC,SPQR)
(/Users/williamsuser/Library/TinyTeX/texmf-dist/tex/latex/graphics/trig.sty
Package: trig 2016/01/03 v1.10 sin cos tan (DPC)
)
(/Users/williamsuser/Library/TinyTeX/texmf-dist/tex/latex/graphics-cfg/graphics
.cfg
File: graphics.cfg 2016/06/04 v1.11 sample graphics configuration
)
Package graphics Info: Driver file: pdftex.def on input line 105.
)
\Gin@req@height=\dimen160
\Gin@req@width=\dimen161
) (/Users/williamsuser/Library/TinyTeX/texmf-dist/tex/latex/float/float.sty
Package: float 2001/11/08 v1.3d Float enhancements (AL)
\c@float@type=\count278
\float@exts=\toks24
\float@box=\box49
\@float@everytoks=\toks25
\@floatcapt=\box50
) (/Users/williamsuser/Library/TinyTeX/texmf-dist/tex/latex/graphics/epsfig.sty
Package: epsfig 2017/06/25 v1.7b (e)psfig emulation (SPQR)
\epsfxsize=\dimen162
\epsfysize=\dimen163
)
(/Users/williamsuser/Library/TinyTeX/texmf-dist/tex/latex/setspace/setspace.sty
Package: setspace 2011/12/19 v6.7a set line spacing
)
(/Users/williamsuser/Library/TinyTeX/texmf-dist/tex/latex/l3backend/l3backend-p
dftex.def
File: l3backend-pdftex.def 2021-05-07 L3 backend support: PDF output (pdfTeX)
\l__color_backend_stack_int=\count279
\l__pdf_internal_box=\box51
) (./Thesis.aux

LaTeX Warning: Label `table:7' multiply defined.


LaTeX Warning: Label `table:8' multiply defined.


LaTeX Warning: Label `table:8' multiply defined.

)
\openout1 = `Thesis.aux'.

LaTeX Font Info:    Checking defaults for OML/cmm/m/it on input line 60.
LaTeX Font Info:    ... okay on input line 60.
LaTeX Font Info:    Checking defaults for OMS/cmsy/m/n on input line 60.
LaTeX Font Info:    ... okay on input line 60.
LaTeX Font Info:    Checking defaults for OT1/cmr/m/n on input line 60.
LaTeX Font Info:    ... okay on input line 60.
LaTeX Font Info:    Checking defaults for T1/cmr/m/n on input line 60.
LaTeX Font Info:    ... okay on input line 60.
LaTeX Font Info:    Checking defaults for TS1/cmr/m/n on input line 60.
LaTeX Font Info:    ... okay on input line 60.
LaTeX Font Info:    Checking defaults for OMX/cmex/m/n on input line 60.
LaTeX Font Info:    ... okay on input line 60.
LaTeX Font Info:    Checking defaults for U/cmr/m/n on input line 60.
LaTeX Font Info:    ... okay on input line 60.
LaTeX Font Info:    Checking defaults for PD1/pdf/m/n on input line 60.
LaTeX Font Info:    ... okay on input line 60.
LaTeX Font Info:    Checking defaults for PU/pdf/m/n on input line 60.
LaTeX Font Info:    ... okay on input line 60.

(/Users/williamsuser/Library/TinyTeX/texmf-dist/tex/latex/epstopdf-pkg/epstopdf
-base.sty
Package: epstopdf-base 2020-01-24 v2.11 Base part for package epstopdf
Package epstopdf-base Info: Redefining graphics rule for `.eps' on input line 4
85.

(/Users/williamsuser/Library/TinyTeX/texmf-dist/tex/latex/latexconfig/epstopdf-
sys.cfg
File: epstopdf-sys.cfg 2010/07/13 v1.3 Configuration of (r)epstopdf for TeX Liv
e
))
Package hyperref Info: Link coloring OFF on input line 60.
(/Users/williamsuser/Library/TinyTeX/texmf-dist/tex/latex/hyperref/nameref.sty
Package: nameref 2021-04-02 v2.47 Cross-referencing by name of section

(/Users/williamsuser/Library/TinyTeX/texmf-dist/tex/latex/refcount/refcount.sty
Package: refcount 2019/12/15 v3.6 Data extraction from label references (HO)
)
(/Users/williamsuser/Library/TinyTeX/texmf-dist/tex/generic/gettitlestring/gett
itlestring.sty
Package: gettitlestring 2019/12/15 v1.6 Cleanup title references (HO)
)
\c@section@level=\count280
)
LaTeX Info: Redefining \ref on input line 60.
LaTeX Info: Redefining \pageref on input line 60.
LaTeX Info: Redefining \nameref on input line 60.
(./Thesis.out) (./Thesis.out)
\@outlinefile=\write3
\openout3 = `Thesis.out'.

*geometry* driver: auto-detecting
*geometry* detected driver: pdftex
*geometry* verbose mode - [ preamble ] result:
* driver: pdftex
* paper: <default>
* layout: <same size as paper>
* layoutoffset:(h,v)=(0.0pt,0.0pt)
* modes: 
* h-part:(L,W,R)=(72.26999pt, 469.75502pt, 72.26999pt)
* v-part:(T,H,B)=(72.26999pt, 650.43001pt, 72.26999pt)
* \paperwidth=614.295pt
* \paperheight=794.96999pt
* \textwidth=469.75502pt
* \textheight=650.43001pt
* \oddsidemargin=0.0pt
* \evensidemargin=0.0pt
* \topmargin=-37.0pt
* \headheight=12.0pt
* \headsep=25.0pt
* \topskip=12.0pt
* \footskip=30.0pt
* \marginparwidth=44.0pt
* \marginparsep=10.0pt
* \columnsep=10.0pt
* \skip\footins=10.8pt plus 4.0pt minus 2.0pt
* \hoffset=0.0pt
* \voffset=0.0pt
* \mag=1000
* \@twocolumnfalse
* \@twosidefalse
* \@mparswitchfalse
* \@reversemarginfalse
* (1in=72.27pt=25.4mm, 1cm=28.453pt)

<Williams_College_Seal-eps-converted-to.pdf, id=132, 421.575pt x 417.56pt>
File: Williams_College_Seal-eps-converted-to.pdf Graphic file (type pdf)
<use Williams_College_Seal-eps-converted-to.pdf>
Package pdftex.def Info: Williams_College_Seal-eps-converted-to.pdf  used on in
put line 108.
(pdftex.def)             Requested size: 75.28198pt x 74.565pt.
[1

{/Users/williamsuser/Library/TinyTeX/texmf-var/fonts/map/pdftex/updmap/pdftex.m
ap} <./Williams_College_Seal-eps-converted-to.pdf>] [2] [3]
LaTeX Font Info:    Trying to load font information for OT1+lmr on input line 1
83.
(/Users/williamsuser/Library/TinyTeX/texmf-dist/tex/latex/lm/ot1lmr.fd
File: ot1lmr.fd 2015/05/01 v1.6.1 Font defs for Latin Modern
)
LaTeX Font Info:    Trying to load font information for OML+lmm on input line 1
83.
(/Users/williamsuser/Library/TinyTeX/texmf-dist/tex/latex/lm/omllmm.fd
File: omllmm.fd 2015/05/01 v1.6.1 Font defs for Latin Modern
)
LaTeX Font Info:    Trying to load font information for OMS+lmsy on input line 
183.
(/Users/williamsuser/Library/TinyTeX/texmf-dist/tex/latex/lm/omslmsy.fd
File: omslmsy.fd 2015/05/01 v1.6.1 Font defs for Latin Modern
)
LaTeX Font Info:    Trying to load font information for OMX+lmex on input line 
183.
(/Users/williamsuser/Library/TinyTeX/texmf-dist/tex/latex/lm/omxlmex.fd
File: omxlmex.fd 2015/05/01 v1.6.1 Font defs for Latin Modern
)
LaTeX Font Info:    External font `lmex10' loaded for size
(Font)              <12> on input line 183.
LaTeX Font Info:    External font `lmex10' loaded for size
(Font)              <8> on input line 183.
LaTeX Font Info:    External font `lmex10' loaded for size
(Font)              <6> on input line 183.
LaTeX Font Info:    Trying to load font information for U+msa on input line 183
.
(/Users/williamsuser/Library/TinyTeX/texmf-dist/tex/latex/amsfonts/umsa.fd
File: umsa.fd 2013/01/14 v3.01 AMS symbols A
)
LaTeX Font Info:    Trying to load font information for U+msb on input line 183
.
(/Users/williamsuser/Library/TinyTeX/texmf-dist/tex/latex/amsfonts/umsb.fd
File: umsb.fd 2013/01/14 v3.01 AMS symbols B
)
LaTeX Font Info:    External font `lmex10' loaded for size
(Font)              <10> on input line 183.
LaTeX Font Info:    External font `lmex10' loaded for size
(Font)              <7> on input line 183.
LaTeX Font Info:    External font `lmex10' loaded for size
(Font)              <5> on input line 183.
[4] [5] [6] [7] [8] [9] [10]
LaTeX Font Info:    External font `lmex10' loaded for size
(Font)              <10.95> on input line 453.

Overfull \hbox (17.91577pt too wide) in paragraph at lines 453--474
[][]
 []

[11pdfTeX warning (ext4): destination with the same identifier (name{table.1}) 
has been already used, duplicate ignored
<argument> ...shipout:D \box_use:N \l_shipout_box 
                                                  
l.490 
      ] [12] [13]
</Users/williamsuser/Desktop/Thesis/Plots/HAY_panel.png, id=216, 585.18625pt x 
1429.34pt>
File: /Users/williamsuser/Desktop/Thesis/Plots/HAY_panel.png Graphic file (type
 png)
<use /Users/williamsuser/Desktop/Thesis/Plots/HAY_panel.png>
Package pdftex.def Info: /Users/williamsuser/Desktop/Thesis/Plots/HAY_panel.png
  used on input line 591.
(pdftex.def)             Requested size: 239.66003pt x 585.3789pt.
[14] [15pdfTeX warning (ext4): destination with the same identifier (name{figur
e.1}) has been already used, duplicate ignored
<argument> ...shipout:D \box_use:N \l_shipout_box 
                                                  
l.611 
       </Users/williamsuser/Desktop/Thesis/Plots/HAY_panel.png>] [16] [17]
<Thesis_files/figure-latex/unnamed-chunk-5-1.pdf, id=253, 435.6275pt x 313.17pt
>
File: Thesis_files/figure-latex/unnamed-chunk-5-1.pdf Graphic file (type pdf)
<use Thesis_files/figure-latex/unnamed-chunk-5-1.pdf>
Package pdftex.def Info: Thesis_files/figure-latex/unnamed-chunk-5-1.pdf  used 
on input line 764.
(pdftex.def)             Requested size: 435.62643pt x 313.16922pt.
[18] [19pdfTeX warning (ext4): destination with the same identifier (name{figur
e.2}) has been already used, duplicate ignored
<argument> ...shipout:D \box_use:N \l_shipout_box 
                                                  
l.777 
       <./Thesis_files/figure-latex/unnamed-chunk-5-1.pdf>]
LaTeX Font Info:    Trying to load font information for T1+lmtt on input line 7
81.
(/Users/williamsuser/Library/TinyTeX/texmf-dist/tex/latex/lm/t1lmtt.fd
File: t1lmtt.fd 2015/05/01 v1.6.1 Font defs for Latin Modern
)
<Thesis_files/figure-latex/unnamed-chunk-6-1.pdf, id=278, 415.5525pt x 207.7762
5pt>
File: Thesis_files/figure-latex/unnamed-chunk-6-1.pdf Graphic file (type pdf)
<use Thesis_files/figure-latex/unnamed-chunk-6-1.pdf>
Package pdftex.def Info: Thesis_files/figure-latex/unnamed-chunk-6-1.pdf  used 
on input line 794.
(pdftex.def)             Requested size: 415.5705pt x 207.78523pt.
[20pdfTeX warning (ext4): destination with the same identifier (name{figure.3})
 has been already used, duplicate ignored
<argument> ...shipout:D \box_use:N \l_shipout_box 
                                                  
l.807 
       <./Thesis_files/figure-latex/unnamed-chunk-6-1.pdf>]
<Thesis_files/figure-latex/unnamed-chunk-7-1.pdf, id=292, 351.3125pt x 206.7725
pt>
File: Thesis_files/figure-latex/unnamed-chunk-7-1.pdf Graphic file (type pdf)
<use Thesis_files/figure-latex/unnamed-chunk-7-1.pdf>
Package pdftex.def Info: Thesis_files/figure-latex/unnamed-chunk-7-1.pdf  used 
on input line 827.
(pdftex.def)             Requested size: 351.32234pt x 206.77829pt.
[21pdfTeX warning (ext4): destination with the same identifier (name{figure.4})
 has been already used, duplicate ignored
<argument> ...shipout:D \box_use:N \l_shipout_box 
                                                  
l.848 
       <./Thesis_files/figure-latex/unnamed-chunk-7-1.pdf>] [22]
<Thesis_files/figure-latex/unnamed-chunk-8-1.pdf, id=316, 460.72125pt x 315.177
5pt>
File: Thesis_files/figure-latex/unnamed-chunk-8-1.pdf Graphic file (type pdf)
<use Thesis_files/figure-latex/unnamed-chunk-8-1.pdf>
Package pdftex.def Info: Thesis_files/figure-latex/unnamed-chunk-8-1.pdf  used 
on input line 891.
(pdftex.def)             Requested size: 460.72012pt x 315.17673pt.
<Thesis_files/figure-latex/unnamed-chunk-9-1.pdf, id=317, 457.71pt x 313.17pt>
File: Thesis_files/figure-latex/unnamed-chunk-9-1.pdf Graphic file (type pdf)
<use Thesis_files/figure-latex/unnamed-chunk-9-1.pdf>
Package pdftex.def Info: Thesis_files/figure-latex/unnamed-chunk-9-1.pdf  used 
on input line 906.
(pdftex.def)             Requested size: 457.72285pt x 313.17877pt.
[23pdfTeX warning (ext4): destination with the same identifier (name{figure.5})
 has been already used, duplicate ignored
<argument> ...shipout:D \box_use:N \l_shipout_box 
                                                  
l.912 \newpage
               <./Thesis_files/figure-latex/unnamed-chunk-8-1.pdf>] [24pdfTeX w
arning (ext4): destination with the same identifier (name{figure.6}) has been a
lready used, duplicate ignored
<argument> ...shipout:D \box_use:N \l_shipout_box 
                                                  
l.912 \newpage
               <./Thesis_files/figure-latex/unnamed-chunk-9-1.pdf>]
Overfull \hbox (40.54866pt too wide) in paragraph at lines 928--936
[][]
 []

[25pdfTeX warning (ext4): destination with the same identifier (name{table.2}) 
has been already used, duplicate ignored
<argument> ...shipout:D \box_use:N \l_shipout_box 
                                                  
l.973 \end{equation}
                    ] [26]
<Thesis_files/figure-latex/unnamed-chunk-12-1.pdf, id=358, 435.6275pt x 313.17p
t>
File: Thesis_files/figure-latex/unnamed-chunk-12-1.pdf Graphic file (type pdf)
<use Thesis_files/figure-latex/unnamed-chunk-12-1.pdf>
Package pdftex.def Info: Thesis_files/figure-latex/unnamed-chunk-12-1.pdf  used
 on input line 1000.
(pdftex.def)             Requested size: 435.62643pt x 313.16922pt.
<Thesis_files/figure-latex/unnamed-chunk-13-1.pdf, id=359, 444.66125pt x 315.17
75pt>
File: Thesis_files/figure-latex/unnamed-chunk-13-1.pdf Graphic file (type pdf)
<use Thesis_files/figure-latex/unnamed-chunk-13-1.pdf>
Package pdftex.def Info: Thesis_files/figure-latex/unnamed-chunk-13-1.pdf  used
 on input line 1007.
(pdftex.def)             Requested size: 444.66016pt x 315.17673pt.
[27pdfTeX warning (ext4): destination with the same identifier (name{figure.7})
 has been already used, duplicate ignored
<argument> ...shipout:D \box_use:N \l_shipout_box 
                                                  
l.1013 \newpage
                <./Thesis_files/figure-latex/unnamed-chunk-12-1.pdf>] [28pdfTeX
 warning (ext4): destination with the same identifier (name{figure.8}) has been
 already used, duplicate ignored
<argument> ...shipout:D \box_use:N \l_shipout_box 
                                                  
l.1013 \newpage
                <./Thesis_files/figure-latex/unnamed-chunk-13-1.pdf>]
<Thesis_files/figure-latex/unnamed-chunk-16-1.pdf, id=388, 292.09125pt x 313.17
pt>
File: Thesis_files/figure-latex/unnamed-chunk-16-1.pdf Graphic file (type pdf)
<use Thesis_files/figure-latex/unnamed-chunk-16-1.pdf>
Package pdftex.def Info: Thesis_files/figure-latex/unnamed-chunk-16-1.pdf  used
 on input line 1033.
(pdftex.def)             Requested size: 292.09943pt x 313.17877pt.
[29pdfTeX warning (ext4): destination with the same identifier (name{figure.9})
 has been already used, duplicate ignored
<argument> ...shipout:D \box_use:N \l_shipout_box 
                                                  
l.1049 
        <./Thesis_files/figure-latex/unnamed-chunk-16-1.pdf>]
<Thesis_files/figure-latex/unnamed-chunk-18-1.pdf, id=404, 435.6275pt x 313.17p
t>
File: Thesis_files/figure-latex/unnamed-chunk-18-1.pdf Graphic file (type pdf)
<use Thesis_files/figure-latex/unnamed-chunk-18-1.pdf>
Package pdftex.def Info: Thesis_files/figure-latex/unnamed-chunk-18-1.pdf  used
 on input line 1060.
(pdftex.def)             Requested size: 435.62643pt x 313.16922pt.
[30pdfTeX warning (ext4): destination with the same identifier (name{figure.10}
) has been already used, duplicate ignored
<argument> ...shipout:D \box_use:N \l_shipout_box 
                                                  
l.1073 
        <./Thesis_files/figure-latex/unnamed-chunk-18-1.pdf>] [31]
<Thesis_files/figure-latex/unnamed-chunk-21-1.pdf, id=426, 453.695pt x 313.17pt
>
File: Thesis_files/figure-latex/unnamed-chunk-21-1.pdf Graphic file (type pdf)
<use Thesis_files/figure-latex/unnamed-chunk-21-1.pdf>
Package pdftex.def Info: Thesis_files/figure-latex/unnamed-chunk-21-1.pdf  used
 on input line 1156.
(pdftex.def)             Requested size: 453.6939pt x 313.16922pt.
[32pdfTeX warning (ext4): destination with the same identifier (name{table.3}) 
has been already used, duplicate ignored
<argument> ...shipout:D \box_use:N \l_shipout_box 
                                                  
l.1166 \newpage
               ] [33pdfTeX warning (ext4): destination with the same identifier
 (name{figure.11}) has been already used, duplicate ignored
<argument> ...shipout:D \box_use:N \l_shipout_box 
                                                  
l.1166 \newpage
                <./Thesis_files/figure-latex/unnamed-chunk-21-1.pdf>]
Overfull \hbox (4.8086pt too wide) in paragraph at lines 1182--1196
[][]
 []


Underfull \hbox (badness 10000) in paragraph at lines 1212--1226
[][]
 []

[34pdfTeX warning (ext4): destination with the same identifier (name{table.4}) 
has been already used, duplicate ignored
<argument> ...shipout:D \box_use:N \l_shipout_box 
                                                  
l.1239 \end{equation}
                     pdfTeX warning (ext4): destination with the same identifie
r (name{table.5}) has been already used, duplicate ignored
<argument> ...shipout:D \box_use:N \l_shipout_box 
                                                  
l.1239 \end{equation}
                     ]
<Thesis_files/figure-latex/unnamed-chunk-25-1.pdf, id=453, 300.12125pt x 313.17
pt>
File: Thesis_files/figure-latex/unnamed-chunk-25-1.pdf Graphic file (type pdf)
<use Thesis_files/figure-latex/unnamed-chunk-25-1.pdf>
Package pdftex.def Info: Thesis_files/figure-latex/unnamed-chunk-25-1.pdf  used
 on input line 1243.
(pdftex.def)             Requested size: 300.12967pt x 313.17877pt.
[35pdfTeX warning (ext4): destination with the same identifier (name{figure.12}
) has been already used, duplicate ignored
<argument> ...shipout:D \box_use:N \l_shipout_box 
                                                  
l.1263 F
        irst, I consider the relationships between various explanatory <./Thesi
s_files/figure-latex/unnamed-chunk-25-1.pdf>]
<Thesis_files/figure-latex/unnamed-chunk-26-1.pdf, id=470, 345.29pt x 322.20375
pt>
File: Thesis_files/figure-latex/unnamed-chunk-26-1.pdf Graphic file (type pdf)
<use Thesis_files/figure-latex/unnamed-chunk-26-1.pdf>
Package pdftex.def Info: Thesis_files/figure-latex/unnamed-chunk-26-1.pdf  used
 on input line 1271.
(pdftex.def)             Requested size: 345.2944pt x 322.20787pt.
[36pdfTeX warning (ext4): destination with the same identifier (name{figure.13}
) has been already used, duplicate ignored
<argument> ...shipout:D \box_use:N \l_shipout_box 
                                                  
l.1290 
        <./Thesis_files/figure-latex/unnamed-chunk-26-1.pdf>]
<Thesis_files/figure-latex/unnamed-chunk-27-1.pdf, id=483, 344.28625pt x 322.20
375pt>
File: Thesis_files/figure-latex/unnamed-chunk-27-1.pdf Graphic file (type pdf)
<use Thesis_files/figure-latex/unnamed-chunk-27-1.pdf>
Package pdftex.def Info: Thesis_files/figure-latex/unnamed-chunk-27-1.pdf  used
 on input line 1301.
(pdftex.def)             Requested size: 344.2854pt x 322.20296pt.
[37pdfTeX warning (ext4): destination with the same identifier (name{figure.14}
) has been already used, duplicate ignored
<argument> ...shipout:D \box_use:N \l_shipout_box 
                                                  
l.1310 
        <./Thesis_files/figure-latex/unnamed-chunk-27-1.pdf>] [38]
<Thesis_files/figure-latex/unnamed-chunk-30-1.pdf, id=501, 460.72125pt x 316.18
124pt>
File: Thesis_files/figure-latex/unnamed-chunk-30-1.pdf Graphic file (type pdf)
<use Thesis_files/figure-latex/unnamed-chunk-30-1.pdf>
Package pdftex.def Info: Thesis_files/figure-latex/unnamed-chunk-30-1.pdf  used
 on input line 1343.
(pdftex.def)             Requested size: 460.72012pt x 316.18047pt.
[39] [40pdfTeX warning (ext4): destination with the same identifier (name{figur
e.15}) has been already used, duplicate ignored
<argument> ...shipout:D \box_use:N \l_shipout_box 
                                                  
l.1358 \newpage
                <./Thesis_files/figure-latex/unnamed-chunk-30-1.pdf>]
Overfull \hbox (14.49509pt too wide) in paragraph at lines 1400--1446
[][]
 []

[41]
Overfull \hbox (14.49509pt too wide) in paragraph at lines 1454--1531
[][]
 []

[42pdfTeX warning (ext4): destination with the same identifier (name{table.6}) 
has been already used, duplicate ignored
<argument> ...shipout:D \box_use:N \l_shipout_box 
                                                  
l.1534 \end{center}
                   ] [43pdfTeX warning (ext4): destination with the same identi
fier (name{table.7}) has been already used, duplicate ignored
<argument> ...shipout:D \box_use:N \l_shipout_box 
                                                  
l.1536 \newpage
               ] [44] [45] [46] [47]
Underfull \hbox (badness 10000) in paragraph at lines 1662--1665

 []


Underfull \hbox (badness 10000) in paragraph at lines 1666--1671

 []


Underfull \hbox (badness 10000) in paragraph at lines 1672--1674

 []


Underfull \hbox (badness 10000) in paragraph at lines 1675--1679

 []


Underfull \hbox (badness 10000) in paragraph at lines 1680--1685

 []


Underfull \hbox (badness 10000) in paragraph at lines 1686--1690

 []


Underfull \hbox (badness 10000) in paragraph at lines 1691--1694

 []


Underfull \hbox (badness 1005) in paragraph at lines 1695--1699
[]\T1/lmr/m/n/12 Hing, Ge-off and Jen-nifer Smith Richards. ``Chicago School Ch
oice in Charts.''
 []


Underfull \hbox (badness 10000) in paragraph at lines 1695--1699

 []


Underfull \hbox (badness 1052) in paragraph at lines 1700--1703
[]\T1/lmr/m/n/12 Illinois State Board of Ed-u-ca-tion. ``RE-PORT CARD DATA LI-B
RARY.'' 2021.
 []


Underfull \hbox (badness 10000) in paragraph at lines 1700--1703

 []


Underfull \hbox (badness 10000) in paragraph at lines 1704--1709

 []


Underfull \hbox (badness 3058) in paragraph at lines 1710--1714
\T1/lmr/m/n/12 Au-gust 22, 2017. []$https : / / www . chicagomag . com / city -
[] life / august -[] 2017 / how -[] redlining -[]
 []


Underfull \hbox (badness 10000) in paragraph at lines 1710--1714

 []

[48]
Underfull \hbox (badness 10000) in paragraph at lines 1715--1720

 []


Underfull \hbox (badness 10000) in paragraph at lines 1721--1726

 []


Underfull \hbox (badness 2261) in paragraph at lines 1727--1731
[]\T1/lmr/m/n/12 RDocumentation. ``fit-dist-cens: Fit-ting of uni-vari-ate dis-
tri-bu-tions to cen-sored
 []


Underfull \hbox (badness 6592) in paragraph at lines 1727--1731
\T1/lmr/m/n/12 data.'' 2021. []$https : / / www . rdocumentation . org / packag
es / ^^\tdistrplus / versions / 1 . 1 -[]
 []


Underfull \hbox (badness 10000) in paragraph at lines 1727--1731

 []


Underfull \hbox (badness 10000) in paragraph at lines 1732--1737

 []


Underfull \hbox (badness 10000) in paragraph at lines 1738--1741

 []


Underfull \hbox (badness 10000) in paragraph at lines 1742--1748

 []


Underfull \hbox (badness 10000) in paragraph at lines 1749--1753

 []


Underfull \hbox (badness 10000) in paragraph at lines 1754--1758
[]$\T1/lmr/m/n/12 https : / / www . census . gov / acs / www / methodology / sa
mple -[] size -[] and -[] data -[] quality / response -[]
 []


Underfull \hbox (badness 10000) in paragraph at lines 1754--1758

 []


Underfull \hbox (badness 10000) in paragraph at lines 1759--1762

 []

[49]
Overfull \hbox (14.49509pt too wide) in paragraph at lines 1779--1856
[][]
 []


Overfull \hbox (14.49509pt too wide) in paragraph at lines 1864--1941
[][]
 []

[50pdfTeX warning (ext4): destination with the same identifier (name{table.8}) 
has been already used, duplicate ignored
<argument> ...shipout:D \box_use:N \l_shipout_box 
                                                  
l.1944 \end{center}
                   ] [51pdfTeX warning (ext4): destination with the same identi
fier (name{table.9}) has been already used, duplicate ignored
<argument> ...shipout:D \box_use:N \l_shipout_box 
                                                  
l.1946 \end{document}
                     ] (./Thesis.aux)

LaTeX Warning: There were multiply-defined labels.

Package rerunfilecheck Info: File `Thesis.out' has not changed.
(rerunfilecheck)             Checksum: 737B87F549B74C97AE433834428BEC00;6492.
 ) 
Here is how much of TeX's memory you used:
 10489 strings out of 480796
 157942 string characters out of 5903520
 463646 words of memory out of 5000000
 27517 multiletter control sequences out of 15000+600000
 483937 words of font info for 82 fonts, out of 8000000 for 9000
 14 hyphenation exceptions out of 8191
 60i,16n,63p,577b,387s stack positions out of 5000i,500n,10000p,200000b,80000s
pdfTeX warning (dest): name{Hfootnote.3} has been referenced but does not exi
st, replaced by a fixed one

pdfTeX warning (dest): name{Hfootnote.2} has been referenced but does not exist
, replaced by a fixed one

pdfTeX warning (dest): name{Hfootnote.1} has been referenced but does not exist
, replaced by a fixed one

{/Users/williamsuser/Library/TinyTeX/texmf-dist/fonts/enc/dvips/lm/lm-rm.enc}{/
Users/williamsuser/Library/TinyTeX/texmf-dist/fonts/enc/dvips/lm/lm-mathit.enc}
{/Users/williamsuser/Library/TinyTeX/texmf-dist/fonts/enc/dvips/lm/lm-ec.enc}{/
Users/williamsuser/Library/TinyTeX/texmf-dist/fonts/enc/dvips/lm/lm-mathsy.enc}
{/Users/williamsuser/Library/TinyTeX/texmf-dist/fonts/enc/dvips/lm/lm-mathex.en
c}</Users/williamsuser/Library/TinyTeX/texmf-dist/fonts/type1/public/lm/lmbx12.
pfb></Users/williamsuser/Library/TinyTeX/texmf-dist/fonts/type1/public/lm/lmbx8
.pfb></Users/williamsuser/Library/TinyTeX/texmf-dist/fonts/type1/public/lm/lmcs
c10.pfb></Users/williamsuser/Library/TinyTeX/texmf-dist/fonts/type1/public/lm/l
mex10.pfb></Users/williamsuser/Library/TinyTeX/texmf-dist/fonts/type1/public/lm
/lmmi10.pfb></Users/williamsuser/Library/TinyTeX/texmf-dist/fonts/type1/public/
lm/lmmi12.pfb></Users/williamsuser/Library/TinyTeX/texmf-dist/fonts/type1/publi
c/lm/lmmi6.pfb></Users/williamsuser/Library/TinyTeX/texmf-dist/fonts/type1/publ
ic/lm/lmmi8.pfb></Users/williamsuser/Library/TinyTeX/texmf-dist/fonts/type1/pub
lic/lm/lmr10.pfb></Users/williamsuser/Library/TinyTeX/texmf-dist/fonts/type1/pu
blic/lm/lmr12.pfb></Users/williamsuser/Library/TinyTeX/texmf-dist/fonts/type1/p
ublic/lm/lmr6.pfb></Users/williamsuser/Library/TinyTeX/texmf-dist/fonts/type1/p
ublic/lm/lmr7.pfb></Users/williamsuser/Library/TinyTeX/texmf-dist/fonts/type1/p
ublic/lm/lmr8.pfb></Users/williamsuser/Library/TinyTeX/texmf-dist/fonts/type1/p
ublic/lm/lmri12.pfb></Users/williamsuser/Library/TinyTeX/texmf-dist/fonts/type1
/public/lm/lmsy10.pfb></Users/williamsuser/Library/TinyTeX/texmf-dist/fonts/typ
e1/public/lm/lmsy6.pfb></Users/williamsuser/Library/TinyTeX/texmf-dist/fonts/ty
pe1/public/lm/lmsy8.pfb></Users/williamsuser/Library/TinyTeX/texmf-dist/fonts/t
ype1/public/lm/lmtt12.pfb>
Output written on Thesis.pdf (51 pages, 4860740 bytes).
PDF statistics:
 694 PDF objects out of 1000 (max. 8388607)
 566 compressed objects within 6 object streams
 155 named destinations out of 1000 (max. 500000)
 337 words of extra memory for PDF output out of 10000 (max. 10000000)

